<?xml version="1.0" encoding="UTF-8"?>
<!-- Generated by org.testng.reporters.JUnitReportReporter -->
<testsuite hostname="DESKTOP-DAPT56R" failures="0" tests="1" name="tests.Test1" time="0.004" errors="0" timestamp="2022-10-16T16:44:56 IST" skipped="0">
  <testcase classname="tests.Test1" name="test1_sample" time="0.004"/>
  <system-out/>
</testsuite> <!-- tests.Test1 -->
